#
# There is insufficient memory for the Java Runtime Environment to continue.
# Native memory allocation (malloc) failed to allocate 1048576 bytes for AllocateHeap
# Possible reasons:
#   The system is out of physical RAM or swap space
#   The process is running with CompressedOops enabled, and the Java Heap may be blocking the growth of the native heap
# Possible solutions:
#   Reduce memory load on the system
#   Increase physical memory or swap space
#   Check if swap backing store is full
#   Decrease Java heap size (-Xmx/-Xms)
#   Decrease number of Java threads
#   Decrease Java thread stack sizes (-Xss)
#   Set larger code cache with -XX:ReservedCodeCacheSize=
#   JVM is running with Zero Based Compressed Oops mode in which the Java heap is
#     placed in the first 32GB address space. The Java Heap base address is the
#     maximum limit for the native heap growth. Please use -XX:HeapBaseMinAddress
#     to set the Java Heap base and to place the Java Heap above 32GB virtual address.
# This output file may be truncated or incomplete.
#
#  Out of Memory Error (memory/allocation.inline.hpp:61), pid=26756, tid=0x00000000000086f8
#
# JRE version:  (8.0_241-b07) (build )
# Java VM: Java HotSpot(TM) 64-Bit Server VM (25.241-b07 mixed mode windows-amd64 compressed oops)
# Failed to write core dump. Minidumps are not enabled by default on client versions of Windows
#

---------------  T H R E A D  ---------------

Current thread (0x000000000305e800):  JavaThread "Unknown thread" [_thread_in_vm, id=34552, stack(0x0000000003060000,0x0000000003160000)]

Stack: [0x0000000003060000,0x0000000003160000]
[error occurred during error reporting (printing stack bounds), id 0xc0000005]

Native frames: (J=compiled Java code, j=interpreted, Vv=VM code, C=native code)


---------------  P R O C E S S  ---------------

Java Threads: ( => current thread )

Other Threads:

=>0x000000000305e800 (exited) JavaThread "Unknown thread" [_thread_in_vm, id=34552, stack(0x0000000003060000,0x0000000003160000)]

VM state:not at safepoint (normal execution)

VM Mutex/Monitor currently owned by a thread: None

heap address: 0x00000006c1c00000, size: 4068 MB, Compressed Oops mode: Zero based, Oop shift amount: 3
Narrow klass base: 0x0000000000000000, Narrow klass shift: 3
Compressed class space size: 1073741824 Address: 0x00000007c0000000

Heap:
 PSYoungGen      total 76288K, used 1310K [0x000000076b400000, 0x0000000770900000, 0x00000007c0000000)
  eden space 65536K, 2% used [0x000000076b400000,0x000000076b547af0,0x000000076f400000)
  from space 10752K, 0% used [0x000000076fe80000,0x000000076fe80000,0x0000000770900000)
  to   space 10752K, 0% used [0x000000076f400000,0x000000076f400000,0x000000076fe80000)
 ParOldGen       total 175104K, used 0K [0x00000006c1c00000, 0x00000006cc700000, 0x000000076b400000)
  object space 175104K, 0% used [0x00000006c1c00000,0x00000006c1c00000,0x00000006cc700000)
 Metaspace       used 752K, capacity 4480K, committed 4480K, reserved 1056768K
  class space    used 76K, capacity 384K, committed 384K, reserved 1048576K

Card table byte_map: [0x0000000012620000,0x0000000012e20000] byte_map_base: 0x000000000f012000

Marking Bits: (ParMarkBitMap*) 0x0000000064abbe30
 Begin Bits: [0x0000000013b70000, 0x0000000017b00000)
 End Bits:   [0x0000000017b00000, 0x000000001ba90000)

Polling page: 0x0000000001260000

CodeCache: size=245760Kb used=328Kb max_used=328Kb free=245431Kb
 bounds [0x0000000003260000, 0x00000000034d0000, 0x0000000012260000]
 total_blobs=58 nmethods=0 adapters=38
 compilation: enabled

Compilation events (0 events):
No events

GC Heap History (0 events):
No events

Deoptimization events (0 events):
No events

Classes redefined (0 events):
No events

Internal exceptions (0 events):
No events

Events (10 events):
Event: 0.024 loading class java/lang/Short
Event: 0.024 loading class java/lang/Short done
Event: 0.024 loading class java/lang/Integer
Event: 0.024 loading class java/lang/Integer done
Event: 0.024 loading class java/lang/Long
Event: 0.024 loading class java/lang/Long done
Event: 0.024 loading class java/lang/NullPointerException
Event: 0.024 loading class java/lang/NullPointerException done
Event: 0.024 loading class java/lang/ArithmeticException
Event: 0.024 loading class java/lang/ArithmeticException done


Dynamic libraries:
0x00007ff7e2310000 - 0x00007ff7e2347000 	C:\Program Files\Java\jre1.8.0_241\bin\javaw.exe
0x00007ffca4960000 - 0x00007ffca4b50000 	C:\WINDOWS\SYSTEM32\ntdll.dll
0x00007ffca2ee0000 - 0x00007ffca2f92000 	C:\WINDOWS\System32\KERNEL32.DLL
0x00007ffca18f0000 - 0x00007ffca1b94000 	C:\WINDOWS\System32\KERNELBASE.dll
0x00007ffca2ae0000 - 0x00007ffca2b83000 	C:\WINDOWS\System32\ADVAPI32.dll
0x00007ffca3a40000 - 0x00007ffca3ade000 	C:\WINDOWS\System32\msvcrt.dll
0x00007ffca2ce0000 - 0x00007ffca2d77000 	C:\WINDOWS\System32\sechost.dll
0x00007ffca37c0000 - 0x00007ffca38e0000 	C:\WINDOWS\System32\RPCRT4.dll
0x00007ffca2fa0000 - 0x00007ffca3134000 	C:\WINDOWS\System32\USER32.dll
0x00007ffca26f0000 - 0x00007ffca2711000 	C:\WINDOWS\System32\win32u.dll
0x00007ffca3ae0000 - 0x00007ffca3b06000 	C:\WINDOWS\System32\GDI32.dll
0x00007ffca2870000 - 0x00007ffca2a04000 	C:\WINDOWS\System32\gdi32full.dll
0x00007ffca27d0000 - 0x00007ffca286e000 	C:\WINDOWS\System32\msvcp_win.dll
0x00007ffca1df0000 - 0x00007ffca1eea000 	C:\WINDOWS\System32\ucrtbase.dll
0x00007ffc87780000 - 0x00007ffc87a04000 	C:\WINDOWS\WinSxS\amd64_microsoft.windows.common-controls_6595b64144ccf1df_6.0.18362.836_none_e6c4b943130f18ed\COMCTL32.dll
0x00007ffca3ef0000 - 0x00007ffca4226000 	C:\WINDOWS\System32\combase.dll
0x00007ffca1ba0000 - 0x00007ffca1c20000 	C:\WINDOWS\System32\bcryptPrimitives.dll
0x00007ffca3b10000 - 0x00007ffca3b3e000 	C:\WINDOWS\System32\IMM32.DLL
0x0000000065010000 - 0x00000000650e2000 	C:\Program Files\Java\jre1.8.0_241\bin\msvcr100.dll
0x0000000064290000 - 0x0000000064b3c000 	C:\Program Files\Java\jre1.8.0_241\bin\server\jvm.dll
0x00007ffca38e0000 - 0x00007ffca38e8000 	C:\WINDOWS\System32\PSAPI.DLL
0x00007ffc99cd0000 - 0x00007ffc99cf4000 	C:\WINDOWS\SYSTEM32\WINMM.dll
0x00007ffc96990000 - 0x00007ffc9699a000 	C:\WINDOWS\SYSTEM32\VERSION.dll
0x00007ffca0400000 - 0x00007ffca0409000 	C:\WINDOWS\SYSTEM32\WSOCK32.dll
0x00007ffca36a0000 - 0x00007ffca370f000 	C:\WINDOWS\System32\WS2_32.dll
0x00007ffc99ca0000 - 0x00007ffc99ccd000 	C:\WINDOWS\SYSTEM32\winmmbase.dll
0x00007ffca1da0000 - 0x00007ffca1dea000 	C:\WINDOWS\System32\cfgmgr32.dll
0x00007ffca03f0000 - 0x00007ffca03ff000 	C:\Program Files\Java\jre1.8.0_241\bin\verify.dll
0x00007ffc9f560000 - 0x00007ffc9f589000 	C:\Program Files\Java\jre1.8.0_241\bin\java.dll
0x00007ffca0270000 - 0x00007ffca0286000 	C:\Program Files\Java\jre1.8.0_241\bin\zip.dll

VM Arguments:
jvm_args: -Dfile.encoding=Cp1255 
java_command: mybudget.Main
java_class_path (initial): C:\Program Files\Java\jre1.8.0_241\lib\resources.jar;C:\Program Files\Java\jre1.8.0_241\lib\rt.jar;C:\Program Files\Java\jre1.8.0_241\lib\jsse.jar;C:\Program Files\Java\jre1.8.0_241\lib\jce.jar;C:\Program Files\Java\jre1.8.0_241\lib\charsets.jar;C:\Program Files\Java\jre1.8.0_241\lib\jfr.jar;C:\Program Files\Java\jre1.8.0_241\lib\ext\access-bridge-64.jar;C:\Program Files\Java\jre1.8.0_241\lib\ext\cldrdata.jar;C:\Program Files\Java\jre1.8.0_241\lib\ext\dnsns.jar;C:\Program Files\Java\jre1.8.0_241\lib\ext\jaccess.jar;C:\Program Files\Java\jre1.8.0_241\lib\ext\jfxrt.jar;C:\Program Files\Java\jre1.8.0_241\lib\ext\localedata.jar;C:\Program Files\Java\jre1.8.0_241\lib\ext\nashorn.jar;C:\Program Files\Java\jre1.8.0_241\lib\ext\sunec.jar;C:\Program Files\Java\jre1.8.0_241\lib\ext\sunjce_provider.jar;C:\Program Files\Java\jre1.8.0_241\lib\ext\sunmscapi.jar;C:\Program Files\Java\jre1.8.0_241\lib\ext\sunpkcs11.jar;C:\Program Files\Java\jre1.8.0_241\lib\ext\zipfs.jar;C:\Users\rbena\Desktop\MyBudget\bin
Launcher Type: SUN_STANDARD

Environment Variables:
PATH=C:/Program Files/Java/jre1.8.0_241/bin/server;C:/Program Files/Java/jre1.8.0_241/bin;C:/Program Files/Java/jre1.8.0_241/lib/amd64;C:\Program Files (x86)\Common Files\Oracle\Java\javapath;C:\windows\system32;C:\windows;C:\windows\System32\Wbem;C:\windows\System32\WindowsPowerShell\v1.0\;C:\windows\System32\OpenSSH\;C:\Program Files (x86)\NVIDIA Corporation\PhysX\Common;C:\Program Files\NVIDIA Corporation\NVIDIA NvDLISR;C:\Program Files\Microsoft SQL Server\130\Tools\Binn\;C:\Users\rbena\.dnx\bin;C:\Program Files\Microsoft DNX\Dnvm\;C:\Program Files\Git\cmd;C:\Program Files\nodejs\;C:\WINDOWS\system32;C:\WINDOWS;C:\WINDOWS\System32\Wbem;C:\WINDOWS\System32\WindowsPowerShell\v1.0\;C:\WINDOWS\System32\OpenSSH\;C:\ProgramData\chocolatey\bin;C:\Program Files\TortoiseGit\bin;C:\Users\rbena\AppData\Local\Programs\Python\Python38-32\Scripts\;C:\Users\rbena\AppData\Local\Programs\Python\Python38-32\;C:\Program Files\MySQL\MySQL Shell 8.0\bin\;C:\Users\rbena\AppData\Local\Programs\Python\Python37-32\Scripts\;C:\Users\rbena\AppData\Local\Programs\Python\Python37-32\;C:\Users\rbena\AppData\Local\Microsoft\WindowsApps;;C:\Users\rbena\AppData\Local\Programs\Microsoft VS Code\bin;C:\Program Files\heroku\bin;C:\Users\rbena\AppData\Roaming\npm;C:\ron\Studies\שנה ב\סמסטר ב\הנדסת תוכנה\eclipse;
USERNAME=rbena
OS=Windows_NT
PROCESSOR_IDENTIFIER=Intel64 Family 6 Model 142 Stepping 11, GenuineIntel



---------------  S Y S T E M  ---------------

OS: Windows 10.0 , 64 bit Build 18362 (10.0.18362.778)

CPU:total 8 (initial active 8) (4 cores per cpu, 2 threads per core) family 6 model 142 stepping 11, cmov, cx8, fxsr, mmx, sse, sse2, sse3, ssse3, sse4.1, sse4.2, popcnt, avx, avx2, aes, clmul, erms, 3dnowpref, lzcnt, ht, tsc, tscinvbit, bmi1, bmi2, adx

Memory: 4k page, physical 16661812k(6191696k free), swap 66993460k(5560k free)

vm_info: Java HotSpot(TM) 64-Bit Server VM (25.241-b07) for windows-amd64 JRE (1.8.0_241-b07), built on Dec 11 2019 10:21:40 by "rejava" with MS VC++ 10.0 (VS2010)

time: Sat May 30 13:39:03 2020
timezone: שעון קיץ ירושלים
elapsed time: 0 seconds (0d 0h 0m 0s)

